Handling lib "http-server"...
The --lib flag was not given for it, checking repository
Clean, skipping (will be handled remotely)
Handling lib "ota-http-server"...
The --lib flag was not given for it, checking repository
Clean, skipping (will be handled remotely)
Handling lib "rpc-loopback"...
The --lib flag was not given for it, checking repository
Clean, skipping (will be handled remotely)
Handling lib "rpc-mqtt"...
The --lib flag was not given for it, checking repository
Clean, skipping (will be handled remotely)
Handling lib "rpc-service-config"...
The --lib flag was not given for it, checking repository
Clean, skipping (will be handled remotely)
Handling lib "rpc-service-fs"...
The --lib flag was not given for it, checking repository
Clean, skipping (will be handled remotely)
Handling lib "rpc-service-gpio"...
The --lib flag was not given for it, checking repository
Clean, skipping (will be handled remotely)
Handling lib "rpc-service-i2c"...
The --lib flag was not given for it, checking repository
Clean, skipping (will be handled remotely)
Handling lib "rpc-service-ota"...
The --lib flag was not given for it, checking repository
Clean, skipping (will be handled remotely)
Handling lib "rpc-uart"...
The --lib flag was not given for it, checking repository
Clean, skipping (will be handled remotely)
Handling lib "spi"...
The --lib flag was not given for it, checking repository
Clean, skipping (will be handled remotely)
Handling lib "vfs-dev-spi-flash"...
The --lib flag was not given for it, checking repository
Clean, skipping (will be handled remotely)
Handling lib "arduino-adafruit-ssd1306"...
The --lib flag was not given for it, checking repository
Clean, skipping (will be handled remotely)
Handling lib "aws"...
The --lib flag was not given for it, checking repository
Clean, skipping (will be handled remotely)
Handling lib "mjs"...
The --lib flag was not given for it, checking repository
Clean, skipping (will be handled remotely)
Handling lib "atca"...
The --lib flag was not given for it, checking repository
Clean, skipping (will be handled remotely)
Handling lib "dns-sd"...
The --lib flag was not given for it, checking repository
Clean, skipping (will be handled remotely)
Handling lib "gcp"...
The --lib flag was not given for it, checking repository
Clean, skipping (will be handled remotely)
Handling lib "rpc-service-atca"...
The --lib flag was not given for it, checking repository
Clean, skipping (will be handled remotely)
Connecting to http://mongoose.cloud, user test
Uploading sources (2914 bytes)
Success, built happyornot/esp32 version 1.0 (20170701-132451/???).
Firmware saved to build/fw.zip
Handling lib "http-server"...
The --lib flag was not given for it, checking repository
Clean, skipping (will be handled remotely)
Handling lib "ota-http-server"...
The --lib flag was not given for it, checking repository
Clean, skipping (will be handled remotely)
Handling lib "rpc-loopback"...
The --lib flag was not given for it, checking repository
Clean, skipping (will be handled remotely)
Handling lib "rpc-mqtt"...
The --lib flag was not given for it, checking repository
Clean, skipping (will be handled remotely)
Handling lib "rpc-service-config"...
The --lib flag was not given for it, checking repository
Clean, skipping (will be handled remotely)
Handling lib "rpc-service-fs"...
The --lib flag was not given for it, checking repository
Clean, skipping (will be handled remotely)
Handling lib "rpc-service-gpio"...
The --lib flag was not given for it, checking repository
Clean, skipping (will be handled remotely)
Handling lib "rpc-service-i2c"...
The --lib flag was not given for it, checking repository
Clean, skipping (will be handled remotely)
Handling lib "rpc-service-ota"...
The --lib flag was not given for it, checking repository
Clean, skipping (will be handled remotely)
Handling lib "rpc-uart"...
The --lib flag was not given for it, checking repository
Clean, skipping (will be handled remotely)
Handling lib "spi"...
The --lib flag was not given for it, checking repository
Clean, skipping (will be handled remotely)
Handling lib "vfs-dev-spi-flash"...
The --lib flag was not given for it, checking repository
Clean, skipping (will be handled remotely)
Handling lib "arduino-adafruit-ssd1306"...
The --lib flag was not given for it, checking repository
Clean, skipping (will be handled remotely)
Handling lib "aws"...
The --lib flag was not given for it, checking repository
Clean, skipping (will be handled remotely)
Handling lib "mjs"...
The --lib flag was not given for it, checking repository
Clean, skipping (will be handled remotely)
Handling lib "atca"...
The --lib flag was not given for it, checking repository
Clean, skipping (will be handled remotely)
Handling lib "dns-sd"...
The --lib flag was not given for it, checking repository
Clean, skipping (will be handled remotely)
Handling lib "gcp"...
The --lib flag was not given for it, checking repository
Clean, skipping (will be handled remotely)
Handling lib "rpc-service-atca"...
The --lib flag was not given for it, checking repository
Clean, skipping (will be handled remotely)
Connecting to http://mongoose.cloud, user test
Uploading sources (2909 bytes)
Success, built happyornot/esp32 version 1.0 (20170701-134052/???).
Firmware saved to build/fw.zip
Handling lib "http-server"...
The --lib flag was not given for it, checking repository
Clean, skipping (will be handled remotely)
Handling lib "ota-http-server"...
The --lib flag was not given for it, checking repository
Clean, skipping (will be handled remotely)
Handling lib "rpc-loopback"...
The --lib flag was not given for it, checking repository
Clean, skipping (will be handled remotely)
Handling lib "rpc-mqtt"...
The --lib flag was not given for it, checking repository
Clean, skipping (will be handled remotely)
Handling lib "rpc-service-config"...
The --lib flag was not given for it, checking repository
Clean, skipping (will be handled remotely)
Handling lib "rpc-service-fs"...
The --lib flag was not given for it, checking repository
Clean, skipping (will be handled remotely)
Handling lib "rpc-service-gpio"...
The --lib flag was not given for it, checking repository
Clean, skipping (will be handled remotely)
Handling lib "rpc-service-i2c"...
The --lib flag was not given for it, checking repository
Clean, skipping (will be handled remotely)
Handling lib "rpc-service-ota"...
The --lib flag was not given for it, checking repository
Clean, skipping (will be handled remotely)
Handling lib "rpc-uart"...
The --lib flag was not given for it, checking repository
Clean, skipping (will be handled remotely)
Handling lib "spi"...
The --lib flag was not given for it, checking repository
Clean, skipping (will be handled remotely)
Handling lib "vfs-dev-spi-flash"...
The --lib flag was not given for it, checking repository
Clean, skipping (will be handled remotely)
Handling lib "arduino-adafruit-ssd1306"...
The --lib flag was not given for it, checking repository
Clean, skipping (will be handled remotely)
Handling lib "aws"...
The --lib flag was not given for it, checking repository
Clean, skipping (will be handled remotely)
Handling lib "mjs"...
The --lib flag was not given for it, checking repository
Clean, skipping (will be handled remotely)
Handling lib "atca"...
The --lib flag was not given for it, checking repository
Clean, skipping (will be handled remotely)
Handling lib "dns-sd"...
The --lib flag was not given for it, checking repository
Clean, skipping (will be handled remotely)
Handling lib "gcp"...
The --lib flag was not given for it, checking repository
Clean, skipping (will be handled remotely)
Handling lib "rpc-service-atca"...
The --lib flag was not given for it, checking repository
Clean, skipping (will be handled remotely)
Connecting to http://mongoose.cloud, user test
Uploading sources (3026 bytes)
Success, built happyornot/esp32 version 1.0 (20170701-155848/???).
Firmware saved to build/fw.zip
Handling lib "http-server"...
The --lib flag was not given for it, checking repository
Clean, skipping (will be handled remotely)
Handling lib "ota-http-server"...
The --lib flag was not given for it, checking repository
Clean, skipping (will be handled remotely)
Handling lib "rpc-loopback"...
The --lib flag was not given for it, checking repository
Clean, skipping (will be handled remotely)
Handling lib "rpc-mqtt"...
The --lib flag was not given for it, checking repository
Clean, skipping (will be handled remotely)
Handling lib "rpc-service-config"...
The --lib flag was not given for it, checking repository
Clean, skipping (will be handled remotely)
Handling lib "rpc-service-fs"...
The --lib flag was not given for it, checking repository
Clean, skipping (will be handled remotely)
Handling lib "rpc-service-gpio"...
The --lib flag was not given for it, checking repository
Clean, skipping (will be handled remotely)
Handling lib "rpc-service-i2c"...
The --lib flag was not given for it, checking repository
Clean, skipping (will be handled remotely)
Handling lib "rpc-service-ota"...
The --lib flag was not given for it, checking repository
Clean, skipping (will be handled remotely)
Handling lib "rpc-uart"...
The --lib flag was not given for it, checking repository
Clean, skipping (will be handled remotely)
Handling lib "spi"...
The --lib flag was not given for it, checking repository
Clean, skipping (will be handled remotely)
Handling lib "vfs-dev-spi-flash"...
The --lib flag was not given for it, checking repository
Clean, skipping (will be handled remotely)
Handling lib "arduino-adafruit-ssd1306"...
The --lib flag was not given for it, checking repository
Clean, skipping (will be handled remotely)
Handling lib "aws"...
The --lib flag was not given for it, checking repository
Clean, skipping (will be handled remotely)
Handling lib "mjs"...
The --lib flag was not given for it, checking repository
Clean, skipping (will be handled remotely)
Handling lib "atca"...
The --lib flag was not given for it, checking repository
Clean, skipping (will be handled remotely)
Handling lib "dns-sd"...
The --lib flag was not given for it, checking repository
Clean, skipping (will be handled remotely)
Handling lib "gcp"...
The --lib flag was not given for it, checking repository
Clean, skipping (will be handled remotely)
Handling lib "rpc-service-atca"...
The --lib flag was not given for it, checking repository
Clean, skipping (will be handled remotely)
Connecting to http://mongoose.cloud, user test
Uploading sources (3027 bytes)
